<?xml version="1.0" encoding="UTF-8"?>
<Site BuildName="Linux-x86_64-linux-gnu-g++-5"
	BuildStamp="20210210-0153-Experimental"
	Name="zhuxin-aspire-v5-573g"
	Generator="ctest-3.5.1"
	CompilerName="/usr/bin/x86_64-linux-gnu-g++-5"
	CompilerVersion="5.4.0"
	OSName="Linux"
	Hostname="zhuxin-aspire-v5-573g"
	OSRelease="4.15.0-133-generic"
	OSVersion="#137~16.04.1-Ubuntu SMP Fri Jan 15 02:55:18 UTC 2021"
	OSPlatform="x86_64"
	Is64Bits="1"
	VendorString="GenuineIntel"
	VendorID="Intel Corporation"
	FamilyID="6"
	ModelID="69"
	ProcessorCacheSize="3072"
	NumberOfLogicalCPU="4"
	NumberOfPhysicalCPU="1"
	TotalVirtualMemory="974"
	TotalPhysicalMemory="7860"
	LogicalProcessorsPerPhysical="4"
	ProcessorClockFrequency="2351.64"
	>
	<Testing>
		<StartDateTime>Feb 10 09:53 CST</StartDateTime>
		<StartTestTime>1612922016</StartTestTime>
		<TestList/>
		<EndDateTime>Feb 10 09:53 CST</EndDateTime>
		<EndTestTime>1612922016</EndTestTime>
		<ElapsedMinutes>0</ElapsedMinutes>
	</Testing>
</Site>
